<?xml version="1.0" encoding="UTF-8"?>
<!-- Generated by org.testng.reporters.JUnitXMLReporter -->
<testsuite ignored="0" hostname="DESKTOP-N46G1GJ" failures="1" tests="1" name="Test - 6 " time="60.46" errors="0" timestamp="2024-12-31T11:05:04 IST">
  <testcase classname="com.hms.base.admin.EditDoctorSpecialization" name="editDoctorSpecializationPage" time="9.181">
    <failure type="java.lang.AssertionError" message="did not expect [Sports Doctor] but found [Sports Doctor]">
      <![CDATA[java.lang.AssertionError: did not expect [Sports Doctor] but found [Sports Doctor]
at com.hms.base.admin.EditDoctorSpecialization.editDoctorSpecializationPage(EditDoctorSpecialization.java:50)
at java.base/java.util.ArrayList.forEach(ArrayList.java:1597)
at java.base/java.util.concurrent.FutureTask.run(FutureTask.java:317)
at java.base/java.util.concurrent.ThreadPoolExecutor.runWorker(ThreadPoolExecutor.java:1144)
at java.base/java.util.concurrent.ThreadPoolExecutor$Worker.run(ThreadPoolExecutor.java:642)
at java.base/java.lang.Thread.run(Thread.java:1570)
... Removed 20 stack frames]]>
    </failure>
  </testcase> <!-- editDoctorSpecializationPage -->
</testsuite> <!-- Test - 6  -->
