<?xml version="1.0" encoding="UTF-8"?>
<!-- Generated by org.testng.reporters.JUnitXMLReporter -->
<testsuite ignored="0" hostname="DESKTOP-N46G1GJ" failures="0" tests="6" name="Test" time="19.841" errors="0" timestamp="2024-12-31T10:41:08 IST">
  <testcase classname="com.hms.base.admin.AdminModuleTest" name="managePatientPage" time="0.676"/>
  <testcase classname="com.hms.base.admin.AdminModuleTest" name="manageUserPage" time="0.478"/>
  <testcase classname="com.hms.base.admin.AdminModuleTest" name="userlogs" time="0.339"/>
  <testcase classname="com.hms.base.admin.AdminModuleTest" name="patientReportsPage" time="1.558"/>
  <testcase classname="com.hms.base.admin.AdminModuleTest" name="individualPatientReportPage" time="1.57"/>
  <testcase classname="com.hms.base.admin.AdminModuleTest" name="editDoctorSpecializationPage" time="1.956"/>
</testsuite> <!-- Test -->
