<?xml version="1.0" encoding="UTF-8"?>
<testng-results ignored="0" total="6" passed="6" failed="0" skipped="0">
  <reporter-output>
  </reporter-output>
  <suite started-at="2025-01-06T16:12:39 IST" name="Default suite" finished-at="2025-01-06T16:13:07 IST" duration-ms="28352">
    <groups>
      <group name="regression">
        <method signature="AdminModuleTest.patientReportsPage()[pri:3, instance:com.hms.base.admin.AdminModuleTest@394df057]" name="patientReportsPage" class="com.hms.base.admin.AdminModuleTest"/>
        <method signature="AdminModuleTest.individualPatientReportPage()[pri:4, instance:com.hms.base.admin.AdminModuleTest@394df057]" name="individualPatientReportPage" class="com.hms.base.admin.AdminModuleTest"/>
        <method signature="AdminModuleTest.editDoctorSpecializationPage()[pri:5, instance:com.hms.base.admin.AdminModuleTest@394df057]" name="editDoctorSpecializationPage" class="com.hms.base.admin.AdminModuleTest"/>
      </group> <!-- regression -->
      <group name="smoke">
        <method signature="AdminModuleTest.managePatientPage()[pri:0, instance:com.hms.base.admin.AdminModuleTest@394df057]" name="managePatientPage" class="com.hms.base.admin.AdminModuleTest"/>
        <method signature="AdminModuleTest.manageUserPage()[pri:1, instance:com.hms.base.admin.AdminModuleTest@394df057]" name="manageUserPage" class="com.hms.base.admin.AdminModuleTest"/>
        <method signature="AdminModuleTest.userlogs()[pri:2, instance:com.hms.base.admin.AdminModuleTest@394df057]" name="userlogs" class="com.hms.base.admin.AdminModuleTest"/>
      </group> <!-- smoke -->
    </groups>
    <test started-at="2025-01-06T16:12:39 IST" name="Default test" finished-at="2025-01-06T16:13:07 IST" duration-ms="28352">
      <class name="com.hms.base.admin.AdminModuleTest">
        <test-method is-config="true" signature="beforeSuite()[pri:0, instance:com.hms.base.admin.AdminModuleTest@394df057]" started-at="2025-01-06T16:12:39 IST" name="beforeSuite" finished-at="2025-01-06T16:12:39 IST" duration-ms="18" status="PASS">
          <reporter-output>
          </reporter-output>
        </test-method> <!-- beforeSuite -->
        <test-method is-config="true" signature="beforeClass(java.lang.String)[pri:0, instance:com.hms.base.admin.AdminModuleTest@394df057]" started-at="2025-01-06T16:12:39 IST" name="beforeClass" finished-at="2025-01-06T16:12:43 IST" duration-ms="4116" status="PASS">
          <params>
            <param index="0">
              <value>
                <![CDATA[chrome]]>
              </value>
            </param>
          </params>
          <reporter-output>
          </reporter-output>
        </test-method> <!-- beforeClass -->
        <test-method is-config="true" signature="beforeMethod()[pri:0, instance:com.hms.base.admin.AdminModuleTest@394df057]" started-at="2025-01-06T16:12:43 IST" name="beforeMethod" finished-at="2025-01-06T16:12:45 IST" duration-ms="2324" status="PASS">
          <reporter-output>
          </reporter-output>
        </test-method> <!-- beforeMethod -->
        <test-method signature="managePatientPage()[pri:0, instance:com.hms.base.admin.AdminModuleTest@394df057]" started-at="2025-01-06T16:12:45 IST" name="managePatientPage" finished-at="2025-01-06T16:12:47 IST" duration-ms="1246" status="PASS">
          <reporter-output>
          </reporter-output>
        </test-method> <!-- managePatientPage -->
        <test-method is-config="true" signature="afterMethod()[pri:0, instance:com.hms.base.admin.AdminModuleTest@394df057]" started-at="2025-01-06T16:12:47 IST" name="afterMethod" finished-at="2025-01-06T16:12:47 IST" duration-ms="462" status="PASS">
          <reporter-output>
          </reporter-output>
        </test-method> <!-- afterMethod -->
        <test-method is-config="true" signature="beforeMethod()[pri:0, instance:com.hms.base.admin.AdminModuleTest@394df057]" started-at="2025-01-06T16:12:47 IST" name="beforeMethod" finished-at="2025-01-06T16:12:49 IST" duration-ms="1511" status="PASS">
          <reporter-output>
          </reporter-output>
        </test-method> <!-- beforeMethod -->
        <test-method signature="manageUserPage()[pri:1, instance:com.hms.base.admin.AdminModuleTest@394df057]" started-at="2025-01-06T16:12:49 IST" name="manageUserPage" finished-at="2025-01-06T16:12:49 IST" duration-ms="856" status="PASS">
          <reporter-output>
          </reporter-output>
        </test-method> <!-- manageUserPage -->
        <test-method is-config="true" signature="afterMethod()[pri:0, instance:com.hms.base.admin.AdminModuleTest@394df057]" started-at="2025-01-06T16:12:49 IST" name="afterMethod" finished-at="2025-01-06T16:12:50 IST" duration-ms="725" status="PASS">
          <reporter-output>
          </reporter-output>
        </test-method> <!-- afterMethod -->
        <test-method is-config="true" signature="beforeMethod()[pri:0, instance:com.hms.base.admin.AdminModuleTest@394df057]" started-at="2025-01-06T16:12:50 IST" name="beforeMethod" finished-at="2025-01-06T16:12:52 IST" duration-ms="1408" status="PASS">
          <reporter-output>
          </reporter-output>
        </test-method> <!-- beforeMethod -->
        <test-method signature="userlogs()[pri:2, instance:com.hms.base.admin.AdminModuleTest@394df057]" started-at="2025-01-06T16:12:52 IST" name="userlogs" finished-at="2025-01-06T16:12:52 IST" duration-ms="773" status="PASS">
          <reporter-output>
          </reporter-output>
        </test-method> <!-- userlogs -->
        <test-method is-config="true" signature="afterMethod()[pri:0, instance:com.hms.base.admin.AdminModuleTest@394df057]" started-at="2025-01-06T16:12:52 IST" name="afterMethod" finished-at="2025-01-06T16:12:53 IST" duration-ms="399" status="PASS">
          <reporter-output>
          </reporter-output>
        </test-method> <!-- afterMethod -->
        <test-method is-config="true" signature="beforeMethod()[pri:0, instance:com.hms.base.admin.AdminModuleTest@394df057]" started-at="2025-01-06T16:12:53 IST" name="beforeMethod" finished-at="2025-01-06T16:12:54 IST" duration-ms="1542" status="PASS">
          <reporter-output>
          </reporter-output>
        </test-method> <!-- beforeMethod -->
        <test-method signature="patientReportsPage()[pri:3, instance:com.hms.base.admin.AdminModuleTest@394df057]" started-at="2025-01-06T16:12:54 IST" name="patientReportsPage" finished-at="2025-01-06T16:12:56 IST" duration-ms="1706" status="PASS">
          <reporter-output>
          </reporter-output>
        </test-method> <!-- patientReportsPage -->
        <test-method is-config="true" signature="afterMethod()[pri:0, instance:com.hms.base.admin.AdminModuleTest@394df057]" started-at="2025-01-06T16:12:56 IST" name="afterMethod" finished-at="2025-01-06T16:12:57 IST" duration-ms="476" status="PASS">
          <reporter-output>
          </reporter-output>
        </test-method> <!-- afterMethod -->
        <test-method is-config="true" signature="beforeMethod()[pri:0, instance:com.hms.base.admin.AdminModuleTest@394df057]" started-at="2025-01-06T16:12:57 IST" name="beforeMethod" finished-at="2025-01-06T16:12:58 IST" duration-ms="1428" status="PASS">
          <reporter-output>
          </reporter-output>
        </test-method> <!-- beforeMethod -->
        <test-method signature="individualPatientReportPage()[pri:4, instance:com.hms.base.admin.AdminModuleTest@394df057]" started-at="2025-01-06T16:12:58 IST" name="individualPatientReportPage" finished-at="2025-01-06T16:13:00 IST" duration-ms="1757" status="PASS">
          <reporter-output>
          </reporter-output>
        </test-method> <!-- individualPatientReportPage -->
        <test-method is-config="true" signature="afterMethod()[pri:0, instance:com.hms.base.admin.AdminModuleTest@394df057]" started-at="2025-01-06T16:13:00 IST" name="afterMethod" finished-at="2025-01-06T16:13:00 IST" duration-ms="730" status="PASS">
          <reporter-output>
          </reporter-output>
        </test-method> <!-- afterMethod -->
        <test-method is-config="true" signature="beforeMethod()[pri:0, instance:com.hms.base.admin.AdminModuleTest@394df057]" started-at="2025-01-06T16:13:00 IST" name="beforeMethod" finished-at="2025-01-06T16:13:03 IST" duration-ms="2828" status="PASS">
          <reporter-output>
          </reporter-output>
        </test-method> <!-- beforeMethod -->
        <test-method signature="editDoctorSpecializationPage()[pri:5, instance:com.hms.base.admin.AdminModuleTest@394df057]" started-at="2025-01-06T16:13:03 IST" name="editDoctorSpecializationPage" finished-at="2025-01-06T16:13:06 IST" duration-ms="2808" status="PASS">
          <reporter-output>
          </reporter-output>
        </test-method> <!-- editDoctorSpecializationPage -->
        <test-method is-config="true" signature="afterMethod()[pri:0, instance:com.hms.base.admin.AdminModuleTest@394df057]" started-at="2025-01-06T16:13:06 IST" name="afterMethod" finished-at="2025-01-06T16:13:07 IST" duration-ms="678" status="PASS">
          <reporter-output>
          </reporter-output>
        </test-method> <!-- afterMethod -->
        <test-method is-config="true" signature="afterClass()[pri:0, instance:com.hms.base.admin.AdminModuleTest@394df057]" started-at="2025-01-06T16:13:07 IST" name="afterClass" finished-at="2025-01-06T16:13:07 IST" duration-ms="439" status="PASS">
          <reporter-output>
          </reporter-output>
        </test-method> <!-- afterClass -->
        <test-method is-config="true" signature="afterSuite()[pri:0, instance:com.hms.base.admin.AdminModuleTest@394df057]" started-at="2025-01-06T16:13:07 IST" name="afterSuite" finished-at="2025-01-06T16:13:07 IST" duration-ms="2" status="PASS">
          <reporter-output>
          </reporter-output>
        </test-method> <!-- afterSuite -->
      </class> <!-- com.hms.base.admin.AdminModuleTest -->
    </test> <!-- Default test -->
  </suite> <!-- Default suite -->
</testng-results>
