<?xml version="1.0" encoding="UTF-8"?>
<!-- Generated by org.testng.reporters.JUnitXMLReporter -->
<testsuite ignored="0" hostname="DESKTOP-N46G1GJ" failures="0" tests="6" name="Chrome Test" time="36.958" errors="0" timestamp="2024-12-31T11:15:39 IST">
  <testcase classname="com.hms.base.admin.AdminModuleTest" name="managePatientPage" time="2.005"/>
  <testcase classname="com.hms.base.admin.AdminModuleTest" name="manageUserPage" time="1.012"/>
  <testcase classname="com.hms.base.admin.AdminModuleTest" name="userlogs" time="0.738"/>
  <testcase classname="com.hms.base.admin.AdminModuleTest" name="patientReportsPage" time="1.968"/>
  <testcase classname="com.hms.base.admin.AdminModuleTest" name="individualPatientReportPage" time="1.479"/>
  <testcase classname="com.hms.base.admin.AdminModuleTest" name="editDoctorSpecializationPage" time="2.782"/>
</testsuite> <!-- Chrome Test -->
