<?xml version="1.0" encoding="UTF-8"?>
<!-- Generated by org.testng.reporters.JUnitXMLReporter -->
<testsuite ignored="3" hostname="DESKTOP-N46G1GJ" failures="0" tests="3" name="Test" time="10.138" errors="0" timestamp="2024-12-31T10:37:34 IST">
  <testcase classname="com.hms.base.admin.AdminModuleTest" name="managePatientPage" time="0.651"/>
  <testcase classname="com.hms.base.admin.AdminModuleTest" name="manageUserPage" time="0.596"/>
  <testcase classname="com.hms.base.admin.AdminModuleTest" name="userlogs" time="0.437"/>
  <testcase classname="com.hms.base.admin.AdminModuleTest" name="patientReportsPage" time="0.0">
    <ignored/>
  </testcase> <!-- patientReportsPage -->
  <testcase classname="com.hms.base.admin.AdminModuleTest" name="editDoctorSpecializationPage" time="0.0">
    <ignored/>
  </testcase> <!-- editDoctorSpecializationPage -->
  <testcase classname="com.hms.base.admin.AdminModuleTest" name="individualPatientReportPage" time="0.0">
    <ignored/>
  </testcase> <!-- individualPatientReportPage -->
</testsuite> <!-- Test -->
