<?xml version="1.0" encoding="UTF-8"?>
<!-- Generated by org.testng.reporters.JUnitXMLReporter -->
<testsuite ignored="3" hostname="DESKTOP-N46G1GJ" failures="0" tests="3" name="Test" time="12.384" errors="0" timestamp="2024-12-31T10:43:48 IST">
  <testcase classname="com.hms.base.admin.AdminModuleTest" name="patientReportsPage" time="1.106"/>
  <testcase classname="com.hms.base.admin.AdminModuleTest" name="individualPatientReportPage" time="1.147"/>
  <testcase classname="com.hms.base.admin.AdminModuleTest" name="editDoctorSpecializationPage" time="1.71"/>
  <testcase classname="com.hms.base.admin.AdminModuleTest" name="userlogs" time="0.0">
    <ignored/>
  </testcase> <!-- userlogs -->
  <testcase classname="com.hms.base.admin.AdminModuleTest" name="managePatientPage" time="0.0">
    <ignored/>
  </testcase> <!-- managePatientPage -->
  <testcase classname="com.hms.base.admin.AdminModuleTest" name="manageUserPage" time="0.0">
    <ignored/>
  </testcase> <!-- manageUserPage -->
</testsuite> <!-- Test -->
