<?xml version="1.0" encoding="UTF-8"?>
<!-- Generated by org.testng.reporters.JUnitXMLReporter -->
<testsuite ignored="5" hostname="DESKTOP-N46G1GJ" failures="0" tests="1" name="Default test" time="9.395" errors="0" timestamp="2025-01-06T11:04:22 IST">
  <testcase classname="com.hms.base.admin.AdminModuleTest" name="editDoctorSpecializationPage" time="2.15"/>
  <testcase classname="com.hms.base.admin.AdminModuleTest" name="patientReportsPage" time="0.0">
    <ignored/>
  </testcase> <!-- patientReportsPage -->
  <testcase classname="com.hms.base.admin.AdminModuleTest" name="managePatientPage" time="0.0">
    <ignored/>
  </testcase> <!-- managePatientPage -->
  <testcase classname="com.hms.base.admin.AdminModuleTest" name="individualPatientReportPage" time="0.0">
    <ignored/>
  </testcase> <!-- individualPatientReportPage -->
  <testcase classname="com.hms.base.admin.AdminModuleTest" name="userlogs" time="0.0">
    <ignored/>
  </testcase> <!-- userlogs -->
  <testcase classname="com.hms.base.admin.AdminModuleTest" name="manageUserPage" time="0.0">
    <ignored/>
  </testcase> <!-- manageUserPage -->
</testsuite> <!-- Default test -->
