<?xml version="1.0" encoding="UTF-8"?>
<!-- Generated by org.testng.reporters.JUnitXMLReporter -->
<testsuite ignored="0" hostname="DESKTOP-N46G1GJ" failures="0" tests="6" name="Default test" time="28.352" errors="0" timestamp="2025-01-06T16:13:07 IST">
  <testcase classname="com.hms.base.admin.AdminModuleTest" name="managePatientPage" time="1.246"/>
  <testcase classname="com.hms.base.admin.AdminModuleTest" name="manageUserPage" time="0.856"/>
  <testcase classname="com.hms.base.admin.AdminModuleTest" name="userlogs" time="0.773"/>
  <testcase classname="com.hms.base.admin.AdminModuleTest" name="patientReportsPage" time="1.706"/>
  <testcase classname="com.hms.base.admin.AdminModuleTest" name="individualPatientReportPage" time="1.757"/>
  <testcase classname="com.hms.base.admin.AdminModuleTest" name="editDoctorSpecializationPage" time="2.808"/>
</testsuite> <!-- Default test -->
